<?xml version="1.0" encoding="UTF-8"?>
<testng-results skipped="0" failed="0" ignored="2" total="3" passed="1">
  <reporter-output>
  </reporter-output>
  <suite name="Failed suite [Default suite]" duration-ms="47666" started-at="2019-05-05T17:16:16Z" finished-at="2019-05-05T17:17:03Z">
    <groups>
    </groups>
    <test name="Default test(failed)" duration-ms="47666" started-at="2019-05-05T17:16:16Z" finished-at="2019-05-05T17:17:03Z">
      <class name="com.crm.qa.testcases.LoginPageTest">
        <test-method status="PASS" signature="SetUp()[pri:0, instance:com.crm.qa.testcases.LoginPageTest@91161c7]" name="SetUp" is-config="true" duration-ms="45794" started-at="2019-05-05T17:16:16Z" finished-at="2019-05-05T17:17:02Z">
          <reporter-output>
          </reporter-output>
        </test-method> <!-- SetUp -->
        <test-method status="PASS" signature="loginPageTitleTest()[pri:1, instance:com.crm.qa.testcases.LoginPageTest@91161c7]" name="loginPageTitleTest" duration-ms="88" started-at="2019-05-05T17:17:02Z" finished-at="2019-05-05T17:17:02Z">
          <reporter-output>
          </reporter-output>
        </test-method> <!-- loginPageTitleTest -->
        <test-method status="PASS" signature="tearDown()[pri:0, instance:com.crm.qa.testcases.LoginPageTest@91161c7]" name="tearDown" is-config="true" duration-ms="1648" started-at="2019-05-05T17:17:02Z" finished-at="2019-05-05T17:17:03Z">
          <reporter-output>
          </reporter-output>
        </test-method> <!-- tearDown -->
      </class> <!-- com.crm.qa.testcases.LoginPageTest -->
    </test> <!-- Default test(failed) -->
  </suite> <!-- Failed suite [Default suite] -->
</testng-results>
